<?xml version="1.0" encoding="UTF-8"?>
<!-- Generated by org.testng.reporters.JUnitXMLReporter -->
<testsuite ignored="0" hostname="LAPTOPSSD18" failures="1" tests="1" name="04. Họp đồng- Thao tác thêm mới, Sửa, Trình phê duyệt" time="222.769" errors="0" timestamp="2023-08-19T13:49:53 ICT">
  <testcase classname="testCaseHSTL.TC01_TaoHopDong" name="TaoHopDong" time="222.711">
    <failure type="org.openqa.selenium.ElementClickInterceptedException" message="element click intercepted: Element &amp;lt;input type=&amp;quot;submit&amp;quot; name=&amp;quot;ctl00$ctl47$g_43113f5e_a5c8_4708_82e1_39d54f3f19c4$btnNext&amp;quot; value=&amp;quot;Gửi&amp;quot; onclick=&amp;quot;return CheckDataNext();WebForm_DoPostBackWithOptions(new WebForm_PostBackOptions(&amp;amp;quot;ctl00$ctl47$g_43113f5e_a5c8_4708_82e1_39d54f3f19c4$btnNext&amp;amp;quot;, &amp;amp;quot;&amp;amp;quot;, true, &amp;amp;quot;&amp;amp;quot;, &amp;amp;quot;&amp;amp;quot;, false, false))&amp;quot; id=&amp;quot;ctl00_ctl47_g_43113f5e_a5c8_4708_82e1_39d54f3f19c4_btnNext&amp;quot; class=&amp;quot;btnNext&amp;quot;&amp;gt; is not clickable at point (23, 18). Other element would receive the click: &amp;lt;div id=&amp;quot;divLoading&amp;quot; class=&amp;quot;loading&amp;quot; style=&amp;quot;&amp;quot;&amp;gt;...&amp;lt;/div&amp;gt;
  (Session info: chrome=116.0.5845.96)
Build info: version: &amp;apos;3.141.59&amp;apos;, revision: &amp;apos;e82be7d358&amp;apos;, time: &amp;apos;2018-11-14T08:25:48&amp;apos;
System info: host: &amp;apos;LAPTOPSSD18&amp;apos;, ip: &amp;apos;192.168.1.87&amp;apos;, os.name: &amp;apos;Windows 10&amp;apos;, os.arch: &amp;apos;amd64&amp;apos;, os.version: &amp;apos;10.0&amp;apos;, java.version: &amp;apos;16.0.2&amp;apos;
Driver info: org.openqa.selenium.chrome.ChromeDriver
Capabilities {acceptInsecureCerts: false, browserName: chrome, browserVersion: 116.0.5845.96, chrome: {chromedriverVersion: 115.0.5790.170 (cc0d30c2ca5..., userDataDir: C:\Users\vylt\AppData\Local...}, goog:chromeOptions: {debuggerAddress: localhost:62299}, javascriptEnabled: true, networkConnectionEnabled: false, pageLoadStrategy: normal, platform: WINDOWS, platformName: WINDOWS, proxy: Proxy(), setWindowRect: true, strictFileInteractability: false, timeouts: {implicit: 0, pageLoad: 300000, script: 30000}, unhandledPromptBehavior: dismiss and notify, webauthn:extension:credBlob: true, webauthn:extension:largeBlob: true, webauthn:extension:minPinLength: true, webauthn:extension:prf: true, webauthn:virtualAuthenticators: true}
Session ID: b384a8a5b8c4105d1e4c9a06bf7c9eca">
      <![CDATA[org.openqa.selenium.ElementClickInterceptedException: element click intercepted: Element <input type="submit" name="ctl00$ctl47$g_43113f5e_a5c8_4708_82e1_39d54f3f19c4$btnNext" value="Gửi" onclick="return CheckDataNext();WebForm_DoPostBackWithOptions(new WebForm_PostBackOptions(&quot;ctl00$ctl47$g_43113f5e_a5c8_4708_82e1_39d54f3f19c4$btnNext&quot;, &quot;&quot;, true, &quot;&quot;, &quot;&quot;, false, false))" id="ctl00_ctl47_g_43113f5e_a5c8_4708_82e1_39d54f3f19c4_btnNext" class="btnNext"> is not clickable at point (23, 18). Other element would receive the click: <div id="divLoading" class="loading" style="">...</div>
  (Session info: chrome=116.0.5845.96)
Build info: version: '3.141.59', revision: 'e82be7d358', time: '2018-11-14T08:25:48'
System info: host: 'LAPTOPSSD18', ip: '192.168.1.87', os.name: 'Windows 10', os.arch: 'amd64', os.version: '10.0', java.version: '16.0.2'
Driver info: org.openqa.selenium.chrome.ChromeDriver
Capabilities {acceptInsecureCerts: false, browserName: chrome, browserVersion: 116.0.5845.96, chrome: {chromedriverVersion: 115.0.5790.170 (cc0d30c2ca5..., userDataDir: C:\Users\vylt\AppData\Local...}, goog:chromeOptions: {debuggerAddress: localhost:62299}, javascriptEnabled: true, networkConnectionEnabled: false, pageLoadStrategy: normal, platform: WINDOWS, platformName: WINDOWS, proxy: Proxy(), setWindowRect: true, strictFileInteractability: false, timeouts: {implicit: 0, pageLoad: 300000, script: 30000}, unhandledPromptBehavior: dismiss and notify, webauthn:extension:credBlob: true, webauthn:extension:largeBlob: true, webauthn:extension:minPinLength: true, webauthn:extension:prf: true, webauthn:virtualAuthenticators: true}
Session ID: b384a8a5b8c4105d1e4c9a06bf7c9eca
at org.openqa.selenium.remote.http.W3CHttpResponseCodec.createException(W3CHttpResponseCodec.java:187)
at org.openqa.selenium.remote.http.W3CHttpResponseCodec.decode(W3CHttpResponseCodec.java:122)
at org.openqa.selenium.remote.http.W3CHttpResponseCodec.decode(W3CHttpResponseCodec.java:49)
at org.openqa.selenium.remote.HttpCommandExecutor.execute(HttpCommandExecutor.java:158)
at org.openqa.selenium.remote.service.DriverCommandExecutor.execute(DriverCommandExecutor.java:83)
at org.openqa.selenium.remote.RemoteWebDriver.execute(RemoteWebDriver.java:552)
at org.openqa.selenium.remote.RemoteWebElement.execute(RemoteWebElement.java:285)
at org.openqa.selenium.remote.RemoteWebElement.click(RemoteWebElement.java:84)
at pages.FormHoSoTaiLieu.GuiPheDuyet(FormHoSoTaiLieu.java:698)
at testCaseHSTL.TC01_TaoHopDong.TaoHopDong(TC01_TaoHopDong.java:112)
at java.base/java.util.ArrayList.forEach(ArrayList.java:1511)
... Removed 32 stack frames]]>
    </failure>
  </testcase> <!-- TaoHopDong -->
</testsuite> <!-- 04. Họp đồng- Thao tác thêm mới, Sửa, Trình phê duyệt -->
