<?xml version="1.0" encoding="UTF-8"?>
<!-- Generated by org.testng.reporters.JUnitXMLReporter -->
<testsuite ignored="0" hostname="NB35" failures="1" tests="1" name="04. Tờ trình - Thao tác thêm mới, Sửa, Trình phê duyệt" time="141.424" errors="0" timestamp="2023-09-09T13:26:07 ICT">
  <testcase classname="testCaseHSTL.TC03_TaoToTrinh" name="TaoToTrinh" time="141.42">
    <failure type="org.openqa.selenium.ElementClickInterceptedException" message="element click intercepted: Element &amp;lt;input type=&amp;quot;submit&amp;quot; name=&amp;quot;ctl00$ctl46$g_43113f5e_a5c8_4708_82e1_39d54f3f19c4$btnNext&amp;quot; value=&amp;quot;Gửi&amp;quot; onclick=&amp;quot;return CheckDataNext();WebForm_DoPostBackWithOptions(new WebForm_PostBackOptions(&amp;amp;quot;ctl00$ctl46$g_43113f5e_a5c8_4708_82e1_39d54f3f19c4$btnNext&amp;amp;quot;, &amp;amp;quot;&amp;amp;quot;, true, &amp;amp;quot;&amp;amp;quot;, &amp;amp;quot;&amp;amp;quot;, false, false))&amp;quot; id=&amp;quot;ctl00_ctl46_g_43113f5e_a5c8_4708_82e1_39d54f3f19c4_btnNext&amp;quot; class=&amp;quot;btnNext&amp;quot;&amp;gt; is not clickable at point (23, 18). Other element would receive the click: &amp;lt;div id=&amp;quot;divLoading&amp;quot; class=&amp;quot;loading&amp;quot; style=&amp;quot;&amp;quot;&amp;gt;...&amp;lt;/div&amp;gt;
  (Session info: chrome=116.0.5845.180)
Build info: version: &amp;apos;3.9.1&amp;apos;, revision: &amp;apos;63f7b50&amp;apos;, time: &amp;apos;2018-02-07T22:42:28.403Z&amp;apos;
System info: host: &amp;apos;NB35&amp;apos;, ip: &amp;apos;192.168.1.9&amp;apos;, os.name: &amp;apos;Windows 11&amp;apos;, os.arch: &amp;apos;amd64&amp;apos;, os.version: &amp;apos;10.0&amp;apos;, java.version: &amp;apos;17.0.8.1&amp;apos;
Driver info: org.openqa.selenium.chrome.ChromeDriver
Capabilities {acceptInsecureCerts: false, browserName: chrome, browserVersion: 116.0.5845.180, chrome: {chromedriverVersion: 116.0.5845.96 (1a3918166880..., userDataDir: C:\Users\vylt\AppData\Local...}, fedcm:accounts: true, goog:chromeOptions: {debuggerAddress: localhost:52577}, javascriptEnabled: true, networkConnectionEnabled: false, pageLoadStrategy: normal, platform: WINDOWS, platformName: WINDOWS, proxy: Proxy(), setWindowRect: true, strictFileInteractability: false, timeouts: {implicit: 0, pageLoad: 300000, script: 30000}, unhandledPromptBehavior: dismiss and notify, webauthn:extension:credBlob: true, webauthn:extension:largeBlob: true, webauthn:extension:minPinLength: true, webauthn:extension:prf: true, webauthn:virtualAuthenticators: true}
Session ID: cf38862acda33b35bbde6c44e6edc7a0">
      <![CDATA[org.openqa.selenium.ElementClickInterceptedException: element click intercepted: Element <input type="submit" name="ctl00$ctl46$g_43113f5e_a5c8_4708_82e1_39d54f3f19c4$btnNext" value="Gửi" onclick="return CheckDataNext();WebForm_DoPostBackWithOptions(new WebForm_PostBackOptions(&quot;ctl00$ctl46$g_43113f5e_a5c8_4708_82e1_39d54f3f19c4$btnNext&quot;, &quot;&quot;, true, &quot;&quot;, &quot;&quot;, false, false))" id="ctl00_ctl46_g_43113f5e_a5c8_4708_82e1_39d54f3f19c4_btnNext" class="btnNext"> is not clickable at point (23, 18). Other element would receive the click: <div id="divLoading" class="loading" style="">...</div>
  (Session info: chrome=116.0.5845.180)
Build info: version: '3.9.1', revision: '63f7b50', time: '2018-02-07T22:42:28.403Z'
System info: host: 'NB35', ip: '192.168.1.9', os.name: 'Windows 11', os.arch: 'amd64', os.version: '10.0', java.version: '17.0.8.1'
Driver info: org.openqa.selenium.chrome.ChromeDriver
Capabilities {acceptInsecureCerts: false, browserName: chrome, browserVersion: 116.0.5845.180, chrome: {chromedriverVersion: 116.0.5845.96 (1a3918166880..., userDataDir: C:\Users\vylt\AppData\Local...}, fedcm:accounts: true, goog:chromeOptions: {debuggerAddress: localhost:52577}, javascriptEnabled: true, networkConnectionEnabled: false, pageLoadStrategy: normal, platform: WINDOWS, platformName: WINDOWS, proxy: Proxy(), setWindowRect: true, strictFileInteractability: false, timeouts: {implicit: 0, pageLoad: 300000, script: 30000}, unhandledPromptBehavior: dismiss and notify, webauthn:extension:credBlob: true, webauthn:extension:largeBlob: true, webauthn:extension:minPinLength: true, webauthn:extension:prf: true, webauthn:virtualAuthenticators: true}
Session ID: cf38862acda33b35bbde6c44e6edc7a0
at org.openqa.selenium.remote.http.W3CHttpResponseCodec.createException(W3CHttpResponseCodec.java:187)
at org.openqa.selenium.remote.http.W3CHttpResponseCodec.decode(W3CHttpResponseCodec.java:122)
at org.openqa.selenium.remote.http.W3CHttpResponseCodec.decode(W3CHttpResponseCodec.java:49)
at org.openqa.selenium.remote.HttpCommandExecutor.execute(HttpCommandExecutor.java:160)
at org.openqa.selenium.remote.service.DriverCommandExecutor.execute(DriverCommandExecutor.java:83)
at org.openqa.selenium.remote.RemoteWebDriver.execute(RemoteWebDriver.java:601)
at org.openqa.selenium.remote.RemoteWebElement.execute(RemoteWebElement.java:279)
at org.openqa.selenium.remote.RemoteWebElement.click(RemoteWebElement.java:83)
at pages.FormHoSoTaiLieu.GuiPheDuyet(FormHoSoTaiLieu.java:698)
at testCaseHSTL.TC03_TaoToTrinh.TaoToTrinh(TC03_TaoToTrinh.java:100)
at java.base/java.util.ArrayList.forEach(ArrayList.java:1511)
... Removed 32 stack frames]]>
    </failure>
  </testcase> <!-- TaoToTrinh -->
</testsuite> <!-- 04. Tờ trình - Thao tác thêm mới, Sửa, Trình phê duyệt -->
