<?xml version="1.0" encoding="UTF-8"?>
<!-- Generated by org.testng.reporters.JUnitXMLReporter -->
<testsuite ignored="0" hostname="LAPTOPSSD18" failures="1" tests="1" name="TC03 - Văn bản đến - Văn thư Lập phiếu giải quyết" time="35.168" errors="0" timestamp="2023-07-01T14:20:05 ICT">
  <testcase classname="testCaseVBDenVanThu.TC07_VBDen_LapPhieuGiaiQuyet" name="VBDenLapPhieuGiaiQuyet" time="35.158">
    <failure type="java.lang.AssertionError" message="expected [https://daotaoeoffice.petrolimex.com.vn/_layouts/15/Images/VuThao.Petrolimex.Notify/ic-flag.png] but found [https://eoffice.petrolimex.com.vn/_layouts/15/Images/VuThao.Petrolimex.Notify/ic-flag.png]">
      <![CDATA[java.lang.AssertionError: expected [https://daotaoeoffice.petrolimex.com.vn/_layouts/15/Images/VuThao.Petrolimex.Notify/ic-flag.png] but found [https://eoffice.petrolimex.com.vn/_layouts/15/Images/VuThao.Petrolimex.Notify/ic-flag.png]
at pages.DanhSachViecCanXuLy.ValidateTaskThucHienVBDen(DanhSachViecCanXuLy.java:177)
at testCaseVBDenVanThu.TC07_VBDen_LapPhieuGiaiQuyet.VBDenLapPhieuGiaiQuyet(TC07_VBDen_LapPhieuGiaiQuyet.java:66)
at java.base/java.util.ArrayList.forEach(ArrayList.java:1511)
... Removed 33 stack frames]]>
    </failure>
  </testcase> <!-- VBDenLapPhieuGiaiQuyet -->
</testsuite> <!-- TC03 - Văn bản đến - Văn thư Lập phiếu giải quyết -->
