<?xml version="1.0" encoding="UTF-8"?>
<!-- Generated by org.testng.reporters.JUnitXMLReporter -->
<testsuite ignored="0" hostname="LAPTOPSSD18" failures="1" tests="1" name="TC09 - Văn bản đến - Lãnh đạo phân công Assignment" time="131.014" errors="0" timestamp="2023-07-01T14:25:26 ICT">
  <testcase classname="testCaseFullVBDEN_LanhDao.TC07_VBDEN_LDChuyenAssignment" name="ChuTichChuyenXuLy" time="131.009">
    <failure type="java.lang.AssertionError" message="expected [Phân xử lý VB đến &amp;quot;[VTTest] -TC 06 - Chủ tịch - Kiểm tra Chủ tịch Chuyển xử lý được tạo lúc: 01-07-2023 14:18:53&amp;quot;] but found [Thực hiện VB đến &amp;quot;[VTTest]- Kiểm tra lãnh đạo Phân công VB được tạo lúc: 01-07-2023 14:18:53&amp;quot;]">
      <![CDATA[java.lang.AssertionError: expected [Phân xử lý VB đến "[VTTest] -TC 06 - Chủ tịch - Kiểm tra Chủ tịch Chuyển xử lý được tạo lúc: 01-07-2023 14:18:53"] but found [Thực hiện VB đến "[VTTest]- Kiểm tra lãnh đạo Phân công VB được tạo lúc: 01-07-2023 14:18:53"]
at pages.DanhSachViecCanXuLy.ValidateTaskAssignment(DanhSachViecCanXuLy.java:46)
at testCaseFullVBDEN_LanhDao.TC07_VBDEN_LDChuyenAssignment.ChuTichChuyenXuLy(TC07_VBDEN_LDChuyenAssignment.java:75)
at java.base/java.util.ArrayList.forEach(ArrayList.java:1511)
... Removed 33 stack frames]]>
    </failure>
  </testcase> <!-- ChuTichChuyenXuLy -->
</testsuite> <!-- TC09 - Văn bản đến - Lãnh đạo phân công Assignment -->
