<?xml version="1.0" encoding="UTF-8"?>
<!-- Generated by org.testng.reporters.JUnitXMLReporter -->
<testsuite ignored="0" hostname="LAPTOPSSD18" failures="1" tests="1" name="TC13 - Văn bản đến - Trưởng phòng kết thúc task" time="62.444" errors="0" timestamp="2023-07-01T14:26:31 ICT">
  <testcase classname="testCaseTPXuLyVanBanDen.TC02_Tp_KetThucTask" name="TPKetThucTask" time="62.441">
    <failure type="java.lang.AssertionError" message="expected [https://daotaoeoffice.petrolimex.com.vn/_layouts/15/Images/VuThao.Petrolimex.Notify/ic-flag.png] but found [https://eoffice.petrolimex.com.vn/_layouts/15/Images/VuThao.Petrolimex.Notify/ic-flag.png]">
      <![CDATA[java.lang.AssertionError: expected [https://daotaoeoffice.petrolimex.com.vn/_layouts/15/Images/VuThao.Petrolimex.Notify/ic-flag.png] but found [https://eoffice.petrolimex.com.vn/_layouts/15/Images/VuThao.Petrolimex.Notify/ic-flag.png]
at pages.DanhSachViecCanXuLy.ValidateTaskThucHienVBDen(DanhSachViecCanXuLy.java:177)
at testCaseTPXuLyVanBanDen.TC02_Tp_KetThucTask.TPKetThucTask(TC02_Tp_KetThucTask.java:76)
at java.base/java.util.ArrayList.forEach(ArrayList.java:1511)
... Removed 33 stack frames]]>
    </failure>
  </testcase> <!-- TPKetThucTask -->
</testsuite> <!-- TC13 - Văn bản đến - Trưởng phòng kết thúc task -->
