<?xml version="1.0" encoding="UTF-8"?>
<!-- Generated by org.testng.reporters.JUnitXMLReporter -->
<testsuite ignored="0" hostname="LAPTOPSSD18" failures="1" tests="1" name="TC16 - Văn bản đến - Trưởng phòng Phân công Task" time="41.19" errors="0" timestamp="2023-07-01T14:29:49 ICT">
  <testcase classname="testCaseTPXuLyVanBanDen.TC05_Tp_PhanCongVanBan" name="PhanCongVanBan" time="41.187">
    <failure type="java.lang.AssertionError" message="expected [https://daotaoeoffice.petrolimex.com.vn/_layouts/15/Images/VuThao.Petrolimex.Notify/ic-flag.png] but found [https://eoffice.petrolimex.com.vn/_layouts/15/Images/VuThao.Petrolimex.Notify/ic-flag.png]">
      <![CDATA[java.lang.AssertionError: expected [https://daotaoeoffice.petrolimex.com.vn/_layouts/15/Images/VuThao.Petrolimex.Notify/ic-flag.png] but found [https://eoffice.petrolimex.com.vn/_layouts/15/Images/VuThao.Petrolimex.Notify/ic-flag.png]
at pages.DanhSachViecCanXuLy.ValidateTaskThucHienVBDen(DanhSachViecCanXuLy.java:177)
at testCaseTPXuLyVanBanDen.TC05_Tp_PhanCongVanBan.PhanCongVanBan(TC05_Tp_PhanCongVanBan.java:67)
at java.base/java.util.ArrayList.forEach(ArrayList.java:1511)
... Removed 33 stack frames]]>
    </failure>
  </testcase> <!-- PhanCongVanBan -->
</testsuite> <!-- TC16 - Văn bản đến - Trưởng phòng Phân công Task -->
