<?xml version="1.0" encoding="UTF-8"?>
<!-- Generated by org.testng.reporters.JUnitXMLReporter -->
<testsuite ignored="0" hostname="LAPTOPSSD18" failures="1" tests="1" name="TC17 - Văn bản đến - Nhân viên cập nhật task" time="51.649" errors="0" timestamp="2023-07-01T14:30:40 ICT">
  <testcase classname="testCaseNVXuLyVanBanDen.TC01_NV_NVCapNhatTask" name="NVCapNhatTask" time="51.645">
    <failure type="java.lang.AssertionError" message="expected [DVUG - Don vi Upgrade - Manager] but found [DUG - Don vi Upgrade - Manager]">
      <![CDATA[java.lang.AssertionError: expected [DVUG - Don vi Upgrade - Manager] but found [DUG - Don vi Upgrade - Manager]
at pages.DanhSachVBDenTatCa.ValidateTinhTrangChuyenDonVi(DanhSachVBDenTatCa.java:73)
at testCaseNVXuLyVanBanDen.TC01_NV_NVCapNhatTask.NVCapNhatTask(TC01_NV_NVCapNhatTask.java:85)
at java.base/java.util.ArrayList.forEach(ArrayList.java:1511)
... Removed 33 stack frames]]>
    </failure>
  </testcase> <!-- NVCapNhatTask -->
</testsuite> <!-- TC17 - Văn bản đến - Nhân viên cập nhật task -->
