<?xml version="1.0" encoding="UTF-8"?>
<!-- Generated by org.testng.reporters.JUnitXMLReporter -->
<testsuite ignored="0" hostname="LAPTOPSSD18" failures="1" tests="1" name="TC18 - Văn bản đến - Nhân viên hoàn tất task" time="53.932" errors="0" timestamp="2023-07-01T14:31:34 ICT">
  <testcase classname="testCaseNVXuLyVanBanDen.TC02_NV_NVHoanTatTask" name="NVHoanTatTask" time="53.93">
    <failure type="java.lang.AssertionError" message="expected [DVUG - Don vi Upgrade - Manager] but found [DUG - Don vi Upgrade - Manager]">
      <![CDATA[java.lang.AssertionError: expected [DVUG - Don vi Upgrade - Manager] but found [DUG - Don vi Upgrade - Manager]
at pages.DanhSachVBDenTatCa.ValidateTinhTrangChuyenDonVi(DanhSachVBDenTatCa.java:73)
at testCaseNVXuLyVanBanDen.TC02_NV_NVHoanTatTask.NVHoanTatTask(TC02_NV_NVHoanTatTask.java:85)
at java.base/java.util.ArrayList.forEach(ArrayList.java:1511)
... Removed 33 stack frames]]>
    </failure>
  </testcase> <!-- NVHoanTatTask -->
</testsuite> <!-- TC18 - Văn bản đến - Nhân viên hoàn tất task -->
