<?xml version="1.0" encoding="UTF-8"?>
<!-- Generated by org.testng.reporters.JUnitReportReporter -->
<testsuite hostname="NB35" failures="0" tests="1" name="testCaseVBDT.TC04_NguoiPheDuyetYeuCauBoSungThongTin" time="126.860" errors="0" timestamp="2023-09-10T19:28:46 ICT" skipped="0">
  <testcase classname="testCaseVBDT.TC04_NguoiPheDuyetYeuCauBoSungThongTin" name="NguoiPheDuyetYeuCauBoSungThongTin" time="126.860">
    <system-out>
      <![CDATA[https://eoffice.petrolimex.com.vn/plxcnbt/vanban/sitepages/workflow_xulyquytrinhv2_document.aspx?iid=31828&source=https://eoffice.petrolimex.com.vn/plxcnbt/vanban/default.aspx?page=1]]>
    </system-out>
  </testcase> <!-- NguoiPheDuyetYeuCauBoSungThongTin -->
  <system-out>
    <![CDATA[https://eoffice.petrolimex.com.vn/plxcnbt/vanban/sitepages/workflow_xulyquytrinhv2_document.aspx?iid=31828&source=https://eoffice.petrolimex.com.vn/plxcnbt/vanban/default.aspx?page=1
https://eoffice.petrolimex.com.vn/plxcnbt/vanban/sitepages/workflow_xulyquytrinhv2_document.aspx?iid=31829&source=https://eoffice.petrolimex.com.vn/plxcnbt/vanban/default.aspx?page=1
https://eoffice.petrolimex.com.vn/plxcnbt/vanban/sitepages/workflow_xulyquytrinhv2_document.aspx?iid=31830&source=https://eoffice.petrolimex.com.vn/plxcnbt/vanban/default.aspx?page=1
https://eoffice.petrolimex.com.vn/plxcnbt/vanban/sitepages/workflow_xulyquytrinhv2_document.aspx?iid=31831&source=https://eoffice.petrolimex.com.vn/plxcnbt/vanban/default.aspx?page=1
https://eoffice.petrolimex.com.vn/plxcnbt/vanban/sitepages/workflow_xulyquytrinhv2_document.aspx?iid=31832&source=https://eoffice.petrolimex.com.vn/plxcnbt/vanban/default.aspx?page=1
https://eoffice.petrolimex.com.vn/plxcnbt/vanban/sitepages/workflow_xulyquytrinhv2_document.aspx?iid=31832&source=https://eoffice.petrolimex.com.vn/plxcnbt/vanban/default.aspx?page=1
https://eoffice.petrolimex.com.vn/plxcnbt/vanban/sitepages/workflow_xulyquytrinhv2_document.aspx?iid=31832&source=https://eoffice.petrolimex.com.vn/plxcnbt/vanban/default.aspx?page=1
https://eoffice.petrolimex.com.vn/plxcnbt/vanban/sitepages/workflow_xulyquytrinhv2_document.aspx?iid=31833&source=https://eoffice.petrolimex.com.vn/plxcnbt/vanban/default.aspx?page=1
https://eoffice.petrolimex.com.vn/plxcnbt/vanban/sitepages/workflow_xulyquytrinhv2_document.aspx?iid=31833&source=https://eoffice.petrolimex.com.vn/plxcnbt/vanban/default.aspx?page=1
https://eoffice.petrolimex.com.vn/plxcnbt/vanban/sitepages/workflow_xulyquytrinhv2_document.aspx?iid=31833&source=https://eoffice.petrolimex.com.vn/plxcnbt/vanban/default.aspx?page=1
https://eoffice.petrolimex.com.vn/plxcnbt/vanban/sitepages/workflow_xulyquytrinhv2_document.aspx?iid=31834&source=https://eoffice.petrolimex.com.vn/plxcnbt/vanban/default.aspx?page=1
https://eoffice.petrolimex.com.vn/plxcnbt/vanban/sitepages/workflow_xulyquytrinhv2_document.aspx?iid=31835&source=https://eoffice.petrolimex.com.vn/plxcnbt/vanban/default.aspx?page=1
https://eoffice.petrolimex.com.vn/plxcnbt/vanban/sitepages/workflow_xulyquytrinhv2_document.aspx?iid=31835&source=https://eoffice.petrolimex.com.vn/plxcnbt/vanban/default.aspx?page=1
https://eoffice.petrolimex.com.vn/plxcnbt/vanban/sitepages/workflow_xulyquytrinhv2_document.aspx?iid=31835&source=https://eoffice.petrolimex.com.vn/plxcnbt/vanban/default.aspx?page=1
https://eoffice.petrolimex.com.vn/plxcnbt/vanban/sitepages/vanbanbanhanh/vanbanbanhanhedit.aspx?idvb=18188&source=https://eoffice.petrolimex.com.vn/plxcnbt/vanban/default.aspx?page=1
https://eoffice.petrolimex.com.vn/plxcnbt/vanban/sitepages/workflow_xulyquytrinhv2_document.aspx?iid=31836&source=https://eoffice.petrolimex.com.vn/plxcnbt/vanban/default.aspx?page=1
https://eoffice.petrolimex.com.vn/plxcnbt/vanban/sitepages/vanbanbanhanh/vanbanbanhanhedit.aspx?idvb=18189&source=https://eoffice.petrolimex.com.vn/plxcnbt/vanban/default.aspx?page=1
https://eoffice.petrolimex.com.vn/plxcnbt/vanban/SitePages/VanBanDi_Detail.aspx?IID=31837&Source=%2fplxcnbt%2fvanban%2fsitepages%2fvanbancuatoi%2fdangsoanthao.aspx]]>
  </system-out>
</testsuite> <!-- testCaseVBDT.TC04_NguoiPheDuyetYeuCauBoSungThongTin -->
