<?xml version="1.0" encoding="UTF-8"?>
<!-- Generated by org.testng.reporters.JUnitReportReporter -->
<testsuite hostname="LAPTOPSSD18" failures="0" tests="1" name="testCaseHSTL.TC01_TaoHopDong" time="293.627" errors="0" timestamp="2023-08-12T12:00:03 ICT" skipped="0">
  <testcase classname="testCaseHSTL.TC01_TaoHopDong" name="TaoHopDong" time="293.627"/>
  <system-out>
    <![CDATA[https://eoffice.petrolimex.com.vn/plxntn/vanban/SitePages/VanBanDi_Detail.aspx?IId=5519&SPId=30&ListID=9710b5f7-0241-4714-8041-0f596f9ae605
https://eoffice.petrolimex.com.vn/plxntn/vanban/sitepages/workflow_xulyquytrinhv2_document.aspx?iid=5519&source=https://eoffice.petrolimex.com.vn/plxntn/vanban/default.aspx?page=1
https://eoffice.petrolimex.com.vn/plxntn/vanban/sitepages/workflow_xulyquytrinhv2_document.aspx?iid=5519&source=https://eoffice.petrolimex.com.vn/plxntn/vanban/default.aspx?page=1
https://eoffice.petrolimex.com.vn/plxntn/vanban/sitepages/workflow_xulyquytrinhv2_document.aspx?iid=5519&source=https://eoffice.petrolimex.com.vn/plxntn/vanban/default.aspx?page=1]]>
  </system-out>
</testsuite> <!-- testCaseHSTL.TC01_TaoHopDong -->
