<?xml version="1.0" encoding="UTF-8"?>
<!-- Generated by org.testng.reporters.JUnitReportReporter -->
<testsuite hostname="NB35" failures="0" tests="1" name="testCaseNVXuLyVanBanDen.TC02_NV_NVHoanTatTask" time="90.032" errors="0" timestamp="2023-09-10T16:23:13 ICT" skipped="0">
  <testcase classname="testCaseNVXuLyVanBanDen.TC02_NV_NVHoanTatTask" name="NVHoanTatTask" time="90.032">
    <system-out>
      <![CDATA[https://eoffice.petrolimex.com.vn/plxcnbt/vanban/SitePages/VanBanDen/VanBanDenEdit.aspx?IDVB=14117]]>
    </system-out>
  </testcase> <!-- NVHoanTatTask -->
  <system-out>
    <![CDATA[https://eoffice.petrolimex.com.vn/plxcnbt/vanban/SitePages/VanBanDen/VanBanDenEdit.aspx?IDVB=14104&Source=%2fplxcnbt%2fvanban%2fsitepages%2fvanbanden%2fchoykienlanhdao.aspx
https://eoffice.petrolimex.com.vn/plxcnbt/vanban/SitePages/VanBanDen/VanBanDenEdit.aspx?IDVB=14105&Source=%2fplxcnbt%2fvanban%2fsitepages%2fvanbanden%2fdanggiaiquyet.aspx
https://eoffice.petrolimex.com.vn/plxcnbt/vanban/SitePages/VanBanDen/VanBanDenEdit.aspx?IDVB=14106&Source=%2fplxcnbt%2fvanban%2fsitepages%2fvanbanden%2fluu.aspx
https://eoffice.petrolimex.com.vn/plxcnbt/vanban/sitepages/vanbanden/vanbandenedit.aspx?idvb=14107&source=https://eoffice.petrolimex.com.vn/plxcnbt/vanban/default.aspx?page=1
https://eoffice.petrolimex.com.vn/plxcnbt/vanban/default.aspx
https://eoffice.petrolimex.com.vn/plxcnbt/vanban/sitepages/vanbanden/vanbandenedit.aspx?idvb=14109&source=https://eoffice.petrolimex.com.vn/plxcnbt/vanban/default.aspx?page=1
https://eoffice.petrolimex.com.vn/plxcnbt/vanban/sitepages/vanbanden/vanbandenedit.aspx?idvb=14109&source=https://eoffice.petrolimex.com.vn/plxcnbt/vanban/default.aspx?page=1
https://eoffice.petrolimex.com.vn/plxcnbt/vanban/sitepages/vanbanden/vanbandenedit.aspx?idvb=14112&source=https://eoffice.petrolimex.com.vn/plxcnbt/vanban/default.aspx?page=1
https://eoffice.petrolimex.com.vn/plxcnbt/vanban/SitePages/VanBanDi_Detail.aspx?IID=31801
https://eoffice.petrolimex.com.vn/plxcnbt/vanban/HoSoXuLy/Forms/DocumentsSet.aspx?ID=69&List=27de2610-3bb6-41d7-9805-1170abf6c429&RootFolder=/plxcnbt/vanban/HoSoXuLy/HSXL-VBD-100923161740-33612
https://eoffice.petrolimex.com.vn/plxcnbt/vanban/sitepages/vanbanden/taskvbden.aspx?tid=33615&idvb=14115&source=https://eoffice.petrolimex.com.vn/plxcnbt/vanban/default.aspx?page=1
https://eoffice.petrolimex.com.vn/plxcnbt/vanban/SitePages/VanBanDen/VanBanDenEdit.aspx?IDVB=14116
https://eoffice.petrolimex.com.vn/plxcnbt/vanban/SitePages/VanBanDen/VanBanDenEdit.aspx?IDVB=14117
https://eoffice.petrolimex.com.vn/plxcnbt/vanban/sitepages/vanbanden/vanbandenedit.aspx?idvb=14118&source=https://eoffice.petrolimex.com.vn/plxcnbt/vanban/default.aspx?page=1]]>
  </system-out>
</testsuite> <!-- testCaseNVXuLyVanBanDen.TC02_NV_NVHoanTatTask -->
