<?xml version="1.0" encoding="UTF-8"?>
<!-- Generated by org.testng.reporters.JUnitReportReporter -->
<testsuite hostname="NB35" failures="0" tests="1" name="testCaseFullVBDEN_LanhDao.TC05_VBDEN_ChiaSeHSCN" time="34.258" errors="1" timestamp="2023-09-10T16:23:13 ICT" skipped="0">
  <testcase classname="testCaseFullVBDEN_LanhDao.TC05_VBDEN_ChiaSeHSCN" name="TGDTrinhLanhDao" time="34.258">
    <error message="no such element: Unable to locate element: {&quot;method&quot;:&quot;xpath&quot;,&quot;selector&quot;:&quot;//div[@class=&#039;Buttons&#039;]//input[contains (@id, &#039;btnHoSoCaNhan&#039;)]&quot;}
  (Session info: chrome=116.0.5845.180)
For documentation on this error, please visit: http://seleniumhq.org/exceptions/no_such_element.html
Build info: version: &#039;3.9.1&#039;, revision: &#039;63f7b50&#039;, time: &#039;2018-02-07T22:42:28.403Z&#039;
System info: host: &#039;NB35&#039;, ip: &#039;192.168.1.17&#039;, os.name: &#039;Windows 11&#039;, os.arch: &#039;amd64&#039;, os.version: &#039;10.0&#039;, java.version: &#039;17.0.8.1&#039;
Driver info: org.openqa.selenium.chrome.ChromeDriver
Capabilities {acceptInsecureCerts: false, browserName: chrome, browserVersion: 116.0.5845.180, chrome: {chromedriverVersion: 116.0.5845.96 (1a3918166880..., userDataDir: C:\Users\vylt\AppData\Local...}, fedcm:accounts: true, goog:chromeOptions: {debuggerAddress: localhost:63821}, javascriptEnabled: true, networkConnectionEnabled: false, pageLoadStrategy: normal, platform: WINDOWS, platformName: WINDOWS, proxy: Proxy(), setWindowRect: true, strictFileInteractability: false, timeouts: {implicit: 0, pageLoad: 300000, script: 30000}, unhandledPromptBehavior: dismiss and notify, webauthn:extension:credBlob: true, webauthn:extension:largeBlob: true, webauthn:extension:minPinLength: true, webauthn:extension:prf: true, webauthn:virtualAuthenticators: true}
Session ID: fbf904d54b6fa635ed45fa6398a90c1b
*** Element info: {Using=xpath, value=//div[@class=&#039;Buttons&#039;]//input[contains (@id, &#039;btnHoSoCaNhan&#039;)]}" type="org.openqa.selenium.NoSuchElementException">
      <![CDATA[org.openqa.selenium.NoSuchElementException: no such element: Unable to locate element: {"method":"xpath","selector":"//div[@class='Buttons']//input[contains (@id, 'btnHoSoCaNhan')]"}
  (Session info: chrome=116.0.5845.180)
For documentation on this error, please visit: http://seleniumhq.org/exceptions/no_such_element.html
Build info: version: '3.9.1', revision: '63f7b50', time: '2018-02-07T22:42:28.403Z'
System info: host: 'NB35', ip: '192.168.1.17', os.name: 'Windows 11', os.arch: 'amd64', os.version: '10.0', java.version: '17.0.8.1'
Driver info: org.openqa.selenium.chrome.ChromeDriver
Capabilities {acceptInsecureCerts: false, browserName: chrome, browserVersion: 116.0.5845.180, chrome: {chromedriverVersion: 116.0.5845.96 (1a3918166880..., userDataDir: C:\Users\vylt\AppData\Local...}, fedcm:accounts: true, goog:chromeOptions: {debuggerAddress: localhost:63821}, javascriptEnabled: true, networkConnectionEnabled: false, pageLoadStrategy: normal, platform: WINDOWS, platformName: WINDOWS, proxy: Proxy(), setWindowRect: true, strictFileInteractability: false, timeouts: {implicit: 0, pageLoad: 300000, script: 30000}, unhandledPromptBehavior: dismiss and notify, webauthn:extension:credBlob: true, webauthn:extension:largeBlob: true, webauthn:extension:minPinLength: true, webauthn:extension:prf: true, webauthn:virtualAuthenticators: true}
Session ID: fbf904d54b6fa635ed45fa6398a90c1b
*** Element info: {Using=xpath, value=//div[@class='Buttons']//input[contains (@id, 'btnHoSoCaNhan')]}
at java.base/jdk.internal.reflect.NativeConstructorAccessorImpl.newInstance0(Native Method)
at java.base/jdk.internal.reflect.NativeConstructorAccessorImpl.newInstance(NativeConstructorAccessorImpl.java:77)
at java.base/jdk.internal.reflect.DelegatingConstructorAccessorImpl.newInstance(DelegatingConstructorAccessorImpl.java:45)
at java.base/java.lang.reflect.Constructor.newInstanceWithCaller(Constructor.java:499)
at java.base/java.lang.reflect.Constructor.newInstance(Constructor.java:480)
at org.openqa.selenium.remote.http.W3CHttpResponseCodec.createException(W3CHttpResponseCodec.java:187)
at org.openqa.selenium.remote.http.W3CHttpResponseCodec.decode(W3CHttpResponseCodec.java:122)
at org.openqa.selenium.remote.http.W3CHttpResponseCodec.decode(W3CHttpResponseCodec.java:49)
at org.openqa.selenium.remote.HttpCommandExecutor.execute(HttpCommandExecutor.java:160)
at org.openqa.selenium.remote.service.DriverCommandExecutor.execute(DriverCommandExecutor.java:83)
at org.openqa.selenium.remote.RemoteWebDriver.execute(RemoteWebDriver.java:601)
at org.openqa.selenium.remote.RemoteWebDriver.findElement(RemoteWebDriver.java:371)
at org.openqa.selenium.remote.RemoteWebDriver.findElementByXPath(RemoteWebDriver.java:473)
at org.openqa.selenium.By$ByXPath.findElement(By.java:361)
at org.openqa.selenium.remote.RemoteWebDriver.findElement(RemoteWebDriver.java:363)
at pages.FormXuLyVanBanDen.ThemHSDT(FormXuLyVanBanDen.java:273)
at testCaseFullVBDEN_LanhDao.TC05_VBDEN_ChiaSeHSCN.TGDTrinhLanhDao(TC05_VBDEN_ChiaSeHSCN.java:71)
at java.base/jdk.internal.reflect.NativeMethodAccessorImpl.invoke0(Native Method)
at java.base/jdk.internal.reflect.NativeMethodAccessorImpl.invoke(NativeMethodAccessorImpl.java:77)
at java.base/jdk.internal.reflect.DelegatingMethodAccessorImpl.invoke(DelegatingMethodAccessorImpl.java:43)
at java.base/java.lang.reflect.Method.invoke(Method.java:568)
at org.testng.internal.invokers.MethodInvocationHelper.invokeMethod(MethodInvocationHelper.java:139)
at org.testng.internal.invokers.TestInvoker.invokeMethod(TestInvoker.java:664)
at org.testng.internal.invokers.TestInvoker.invokeTestMethod(TestInvoker.java:227)
at org.testng.internal.invokers.MethodRunner.runInSequence(MethodRunner.java:50)
at org.testng.internal.invokers.TestInvoker$MethodInvocationAgent.invoke(TestInvoker.java:957)
at org.testng.internal.invokers.TestInvoker.invokeTestMethods(TestInvoker.java:200)
at org.testng.internal.invokers.TestMethodWorker.invokeTestMethods(TestMethodWorker.java:148)
at org.testng.internal.invokers.TestMethodWorker.run(TestMethodWorker.java:128)
at java.base/java.util.ArrayList.forEach(ArrayList.java:1511)
at org.testng.TestRunner.privateRun(TestRunner.java:848)
at org.testng.TestRunner.run(TestRunner.java:621)
at org.testng.SuiteRunner.runTest(SuiteRunner.java:443)
at org.testng.SuiteRunner.runSequentially(SuiteRunner.java:437)
at org.testng.SuiteRunner.privateRun(SuiteRunner.java:397)
at org.testng.SuiteRunner.run(SuiteRunner.java:336)
at org.testng.SuiteRunnerWorker.runSuite(SuiteRunnerWorker.java:52)
at org.testng.SuiteRunnerWorker.run(SuiteRunnerWorker.java:95)
at org.testng.TestNG.runSuitesSequentially(TestNG.java:1280)
at org.testng.TestNG.runSuitesLocally(TestNG.java:1200)
at org.testng.TestNG.runSuites(TestNG.java:1114)
at org.testng.TestNG.run(TestNG.java:1082)
at org.testng.remote.AbstractRemoteTestNG.run(AbstractRemoteTestNG.java:115)
at org.testng.remote.RemoteTestNG.initAndRun(RemoteTestNG.java:251)
at org.testng.remote.RemoteTestNG.main(RemoteTestNG.java:77)
]]>
    </error>
    <system-out>
      <![CDATA[https://eoffice.petrolimex.com.vn/plxcnbt/vanban/sitepages/vanbanden/vanbandenedit.aspx?idvb=14118&source=https://eoffice.petrolimex.com.vn/plxcnbt/vanban/default.aspx?page=1]]>
    </system-out>
  </testcase> <!-- TGDTrinhLanhDao -->
  <system-out>
    <![CDATA[https://eoffice.petrolimex.com.vn/plxcnbt/vanban/SitePages/VanBanDen/VanBanDenEdit.aspx?IDVB=14104&Source=%2fplxcnbt%2fvanban%2fsitepages%2fvanbanden%2fchoykienlanhdao.aspx
https://eoffice.petrolimex.com.vn/plxcnbt/vanban/SitePages/VanBanDen/VanBanDenEdit.aspx?IDVB=14105&Source=%2fplxcnbt%2fvanban%2fsitepages%2fvanbanden%2fdanggiaiquyet.aspx
https://eoffice.petrolimex.com.vn/plxcnbt/vanban/SitePages/VanBanDen/VanBanDenEdit.aspx?IDVB=14106&Source=%2fplxcnbt%2fvanban%2fsitepages%2fvanbanden%2fluu.aspx
https://eoffice.petrolimex.com.vn/plxcnbt/vanban/sitepages/vanbanden/vanbandenedit.aspx?idvb=14107&source=https://eoffice.petrolimex.com.vn/plxcnbt/vanban/default.aspx?page=1
https://eoffice.petrolimex.com.vn/plxcnbt/vanban/default.aspx
https://eoffice.petrolimex.com.vn/plxcnbt/vanban/sitepages/vanbanden/vanbandenedit.aspx?idvb=14109&source=https://eoffice.petrolimex.com.vn/plxcnbt/vanban/default.aspx?page=1
https://eoffice.petrolimex.com.vn/plxcnbt/vanban/sitepages/vanbanden/vanbandenedit.aspx?idvb=14109&source=https://eoffice.petrolimex.com.vn/plxcnbt/vanban/default.aspx?page=1
https://eoffice.petrolimex.com.vn/plxcnbt/vanban/sitepages/vanbanden/vanbandenedit.aspx?idvb=14112&source=https://eoffice.petrolimex.com.vn/plxcnbt/vanban/default.aspx?page=1
https://eoffice.petrolimex.com.vn/plxcnbt/vanban/SitePages/VanBanDi_Detail.aspx?IID=31801
https://eoffice.petrolimex.com.vn/plxcnbt/vanban/HoSoXuLy/Forms/DocumentsSet.aspx?ID=69&List=27de2610-3bb6-41d7-9805-1170abf6c429&RootFolder=/plxcnbt/vanban/HoSoXuLy/HSXL-VBD-100923161740-33612
https://eoffice.petrolimex.com.vn/plxcnbt/vanban/sitepages/vanbanden/taskvbden.aspx?tid=33615&idvb=14115&source=https://eoffice.petrolimex.com.vn/plxcnbt/vanban/default.aspx?page=1
https://eoffice.petrolimex.com.vn/plxcnbt/vanban/SitePages/VanBanDen/VanBanDenEdit.aspx?IDVB=14116
https://eoffice.petrolimex.com.vn/plxcnbt/vanban/SitePages/VanBanDen/VanBanDenEdit.aspx?IDVB=14117
https://eoffice.petrolimex.com.vn/plxcnbt/vanban/sitepages/vanbanden/vanbandenedit.aspx?idvb=14118&source=https://eoffice.petrolimex.com.vn/plxcnbt/vanban/default.aspx?page=1]]>
  </system-out>
</testsuite> <!-- testCaseFullVBDEN_LanhDao.TC05_VBDEN_ChiaSeHSCN -->
