<?xml version="1.0" encoding="UTF-8"?>
<!-- Generated by org.testng.reporters.JUnitXMLReporter -->
<testsuite ignored="0" hostname="NB35" failures="0" tests="1" name="Luồng ký số - Yêu cầu hiệu chỉnh và thay đổi thay đổi ky thừa lệnh" time="176.831" errors="0" timestamp="2023-09-10T19:27:36 ICT">
  <testcase classname="testCaseVBKySo.TC11_YeuCauHieuChinhVaThayDoiKyThuaLenh" name="VBDangLuuKhongDinhKem" time="176.829"/>
</testsuite> <!-- Luồng ký số - Yêu cầu hiệu chỉnh và thay đổi thay đổi ky thừa lệnh -->
