<?xml version="1.0" encoding="UTF-8"?>
<!-- Generated by org.testng.reporters.JUnitXMLReporter -->
<testsuite ignored="0" hostname="NB35" failures="1" tests="1" name="Người phê duyệt chia sẻ" time="66.393" errors="0" timestamp="2023-09-10T19:10:11 ICT">
  <testcase classname="testCaseVBDT.TC05_NguoiPheDuyetChiaSe" name="NguoiPheDuyetChiaSe" time="66.375">
    <failure type="java.lang.AssertionError" message="expected [Chia sẻ dự thảo &amp;quot;[VTTest] TC 05 - Người phê duyệt Chia se Van Ban 1694347497232&amp;quot;] but found [Thực hiện VB đến số &amp;quot;[VTTest] TC 01 - Nhân viên - Kiểm tra Nhân viên Hoàn tất Task: 10-09-2023 16:08:08&amp;quot;]">
      <![CDATA[java.lang.AssertionError: expected [Chia sẻ dự thảo "[VTTest] TC 05 - Người phê duyệt Chia se Van Ban 1694347497232"] but found [Thực hiện VB đến số "[VTTest] TC 01 - Nhân viên - Kiểm tra Nhân viên Hoàn tất Task: 10-09-2023 16:08:08"]
at pages.DanhSachViecCanXuLy.ValidateTaskNhanChiaSeVBDuThao(DanhSachViecCanXuLy.java:113)
at testCaseVBDT.TC05_NguoiPheDuyetChiaSe.NguoiPheDuyetChiaSe(TC05_NguoiPheDuyetChiaSe.java:61)
at java.base/java.util.ArrayList.forEach(ArrayList.java:1511)
... Removed 33 stack frames]]>
    </failure>
  </testcase> <!-- NguoiPheDuyetChiaSe -->
</testsuite> <!-- Người phê duyệt chia sẻ -->
