<?xml version="1.0" encoding="UTF-8"?>
<!-- Generated by org.testng.reporters.JUnitXMLReporter -->
<testsuite ignored="0" hostname="LAPTOPSSD18" failures="1" tests="1" name="Thao tác trên form VB không ký số" time="87.968" errors="0" timestamp="2023-07-15T10:01:11 ICT">
  <testcase classname="testCaseVBDT.TC01_ThaoTacTrenFormDuThao" name="ThaoTacTrenFormDuThao" time="87.887">
    <failure type="java.lang.AssertionError" message="expected [File được tạo từ Template.docx] but found [VB TP CNTT]">
      <![CDATA[java.lang.AssertionError: expected [File được tạo từ Template.docx] but found [VB TP CNTT]
at pages.FormVanBanDuThao.TaoFileTuMau(FormVanBanDuThao.java:142)
at testCaseVBDT.TC01_ThaoTacTrenFormDuThao.ThaoTacTrenFormDuThao(TC01_ThaoTacTrenFormDuThao.java:55)
at java.base/java.util.ArrayList.forEach(ArrayList.java:1511)
... Removed 33 stack frames]]>
    </failure>
  </testcase> <!-- ThaoTacTrenFormDuThao -->
</testsuite> <!-- Thao tác trên form VB không ký số -->
